<?xml version="1.0" encoding="UTF-8"?>
<!-- Generated by org.testng.reporters.JUnitReportReporter -->
<testsuite skipped="0" hostname="TX717-27RW0N2" name="Servicerequest" tests="1" failures="0" timestamp="08 Oct 2018 21:39:32 GMT" time="613.158" errors="0">
  <testcase name="ServiceRequestVerify" time="613.158" classname="Servicerequest"/>
</testsuite> <!-- Servicerequest -->
